<?xml version="1.0" encoding="UTF-8"?>
<!-- Generated by org.testng.reporters.JUnitXMLReporter -->
<testsuite hostname="DESKTOP-R578PU2" ignored="0" name="Default test" tests="2" failures="0" timestamp="11 May 2021 07:19:21 GMT" time="9.688" errors="0">
  <testcase name="SuccessRegiPagelabelTest" time="0.089" classname="OpenCartTestcases.VerifySuccessfullRegiTest"/>
  <testcase name="EnterData" time="0.0" classname="OpenCartTestcases.VerifySuccessfullRegiTest">
    <skipped/>
  </testcase> <!-- EnterData -->
</testsuite> <!-- Default test -->
