<?xml version="1.0" encoding="UTF-8"?>
<testng-results skipped="1" failed="0" ignored="0" total="2" passed="1">
  <reporter-output>
  </reporter-output>
  <suite name="Default suite" duration-ms="9688" started-at="2021-05-11T07:19:11Z" finished-at="2021-05-11T07:19:21Z">
    <groups>
    </groups>
    <test name="Default test" duration-ms="9688" started-at="2021-05-11T07:19:11Z" finished-at="2021-05-11T07:19:21Z">
      <class name="OpenCartTestcases.VerifySuccessfullRegiTest">
        <test-method status="PASS" signature="initialization()[pri:0, instance:OpenCartTestcases.VerifySuccessfullRegiTest@6093dd95]" name="initialization" is-config="true" duration-ms="8335" started-at="2021-05-11T03:19:11Z" finished-at="2021-05-11T03:19:20Z">
          <reporter-output>
          </reporter-output>
        </test-method> <!-- initialization -->
        <test-method status="PASS" signature="SuccessRegiPagelabelTest()[pri:1, instance:OpenCartTestcases.VerifySuccessfullRegiTest@6093dd95]" name="SuccessRegiPagelabelTest" duration-ms="89" started-at="2021-05-11T03:19:20Z" finished-at="2021-05-11T03:19:20Z">
          <reporter-output>
          </reporter-output>
        </test-method> <!-- SuccessRegiPagelabelTest -->
        <test-method status="PASS" signature="tearDown()[pri:0, instance:OpenCartTestcases.VerifySuccessfullRegiTest@6093dd95]" name="tearDown" is-config="true" duration-ms="1098" started-at="2021-05-11T03:19:20Z" finished-at="2021-05-11T03:19:21Z">
          <reporter-output>
          </reporter-output>
        </test-method> <!-- tearDown -->
        <test-method status="SKIP" signature="EnterData(java.lang.String, java.lang.String, java.lang.String, java.lang.String, java.lang.String, java.lang.String)[pri:2, instance:OpenCartTestcases.VerifySuccessfullRegiTest@6093dd95]" name="EnterData" duration-ms="0" started-at="2021-05-11T03:19:21Z" data-provider="getOpenCartTestData" finished-at="2021-05-11T03:19:21Z">
          <exception class="java.lang.RuntimeException">
            <message>
              <![CDATA[java.lang.NullPointerException]]>
            </message>
            <full-stacktrace>
              <![CDATA[java.lang.RuntimeException: java.lang.NullPointerException
	at org.testng.internal.MethodInvocationHelper.invokeMethodNoCheckedException(MethodInvocationHelper.java:49)
	at org.testng.internal.MethodInvocationHelper.invokeDataProvider(MethodInvocationHelper.java:115)
	at org.testng.internal.Parameters.handleParameters(Parameters.java:509)
	at org.testng.internal.Invoker.handleParameters(Invoker.java:1308)
	at org.testng.internal.Invoker.createParameters(Invoker.java:1036)
	at org.testng.internal.Invoker.invokeTestMethods(Invoker.java:1126)
	at org.testng.internal.TestMethodWorker.invokeTestMethods(TestMethodWorker.java:126)
	at org.testng.internal.TestMethodWorker.run(TestMethodWorker.java:109)
	at org.testng.TestRunner.privateRun(TestRunner.java:744)
	at org.testng.TestRunner.run(TestRunner.java:602)
	at org.testng.SuiteRunner.runTest(SuiteRunner.java:380)
	at org.testng.SuiteRunner.runSequentially(SuiteRunner.java:375)
	at org.testng.SuiteRunner.privateRun(SuiteRunner.java:340)
	at org.testng.SuiteRunner.run(SuiteRunner.java:289)
	at org.testng.SuiteRunnerWorker.runSuite(SuiteRunnerWorker.java:52)
	at org.testng.SuiteRunnerWorker.run(SuiteRunnerWorker.java:86)
	at org.testng.TestNG.runSuitesSequentially(TestNG.java:1301)
	at org.testng.TestNG.runSuitesLocally(TestNG.java:1226)
	at org.testng.TestNG.runSuites(TestNG.java:1144)
	at org.testng.TestNG.run(TestNG.java:1115)
	at org.testng.remote.AbstractRemoteTestNG.run(AbstractRemoteTestNG.java:132)
	at org.testng.remote.RemoteTestNG.initAndRun(RemoteTestNG.java:230)
	at org.testng.remote.RemoteTestNG.main(RemoteTestNG.java:76)
Caused by: java.lang.NullPointerException
	at OpenCartUtil.TestUtil.getTestData(TestUtil.java:46)
	at OpenCartTestcases.VerifySuccessfullRegiTest.getOpenCartTestData(VerifySuccessfullRegiTest.java:63)
	at sun.reflect.NativeMethodAccessorImpl.invoke0(Native Method)
	at sun.reflect.NativeMethodAccessorImpl.invoke(NativeMethodAccessorImpl.java:62)
	at sun.reflect.DelegatingMethodAccessorImpl.invoke(DelegatingMethodAccessorImpl.java:43)
	at java.lang.reflect.Method.invoke(Method.java:498)
	at org.testng.internal.MethodInvocationHelper.invokeMethod(MethodInvocationHelper.java:108)
	at org.testng.internal.MethodInvocationHelper.invokeMethod(MethodInvocationHelper.java:55)
	at org.testng.internal.MethodInvocationHelper.invokeMethodNoCheckedException(MethodInvocationHelper.java:45)
	... 22 more
]]>
            </full-stacktrace>
          </exception> <!-- java.lang.RuntimeException -->
          <reporter-output>
          </reporter-output>
        </test-method> <!-- EnterData -->
      </class> <!-- OpenCartTestcases.VerifySuccessfullRegiTest -->
    </test> <!-- Default test -->
  </suite> <!-- Default suite -->
</testng-results>
